{"/Users/angeloalvaradoleon/Documents/Code/school/6to-semestre/Nexora/agora-frontend/app/index.tsx": {"path":"/Users/angeloalvaradoleon/Documents/Code/school/6to-semestre/Nexora/agora-frontend/app/index.tsx","statementMap":{"0":{"start":{"line":4,"column":2},"end":{"line":14,"column":4}}},"fnMap":{"0":{"name":"Index","decl":{"start":{"line":3,"column":24},"end":{"line":3,"column":29}},"loc":{"start":{"line":3,"column":32},"end":{"line":15,"column":1}},"line":3}},"branchMap":{},"s":{"0":1},"f":{"0":1},"b":{},"_coverageSchema":"1a1c01bbd47fc00a2c39e90264f33305004495a9","hash":"ac6e251ba04f2293d879d1d8cd7cea453ee3bdd0"}
}
